<?xml version="1.0" encoding="UTF-8"?>
<!-- Generated by org.testng.reporters.JUnitReportReporter -->
<testsuite hostname="HOME-PC" name="TestRunner.RunnerClass" tests="1" failures="0" timestamp="7 Feb 2020 07:36:32 GMT" time="56.376" errors="0">
  <testcase name="weather" time="56.376" classname="TestRunner.RunnerClass"/>
</testsuite> <!-- TestRunner.RunnerClass -->
